[2023-11-17T10:23:52.340167+01:00] LogDB.INFO: Connection successfully [] []
[2023-11-17T10:24:10.402947+01:00] LogDB.ERROR: Error connection db: SQLSTATE[HY000] [2002] php_network_getaddresses: getaddrinfo for localhos failed: Host desconocido.  [] []
[2023-11-17T10:40:27.764473+01:00] LogDB.INFO: Connection successfully [] []
[2023-11-17T10:40:27.768498+01:00] LogDB.INFO: Got reparation: 7e9fc754-809e-41fb-b04f-22cfee3ea2da [] []
[2023-11-17T10:41:15.886107+01:00] LogDB.INFO: Connection successfully [] []
[2023-11-17T10:41:15.889461+01:00] LogDB.INFO: Got reparation: aa [] []
[2023-11-17T10:42:24.567863+01:00] LogDB.INFO: Connection successfully [] []
[2023-11-17T10:42:24.571189+01:00] LogDB.INFO: Reparation doesn't exist: aa [] []
[2023-11-17T10:46:30.218200+01:00] LogDB.INFO: Connection successfully [] []
[2023-11-17T10:46:30.222075+01:00] LogDB.INFO: Got reparation: 7e9fc754-809e-41fb-b04f-22cfee3ea2da [] []
[2023-11-17T10:54:15.432405+01:00] LogDB.INFO: Connection successfully [] []
[2023-11-17T10:54:15.436422+01:00] LogDB.INFO: Got reparation: 7e9fc754-809e-41fb-b04f-22cfee3ea2da [] []
[2023-11-17T10:54:29.687203+01:00] LogDB.INFO: Connection successfully [] []
[2023-11-17T10:54:29.690944+01:00] LogDB.INFO: Got reparation: 7e9fc754-809e-41fb-b04f-22cfee3ea2da [] []
[2023-11-17T10:54:48.464809+01:00] LogDB.INFO: Connection successfully [] []
[2023-11-17T10:54:48.467353+01:00] LogDB.INFO: Got reparation: 7e9fc754-809e-41fb-b04f-22cfee3ea2da [] []
[2023-11-17T10:54:52.594893+01:00] LogDB.INFO: Record inserted successfully [] []
[2023-11-17T10:58:23.106710+01:00] LogDB.INFO: Connection successfully [] []
[2023-11-17T10:58:23.141936+01:00] LogDB.INFO: Reparation doesn't exist: 7e9fc754-809e-41fb-b04f-22cfee3ea2da [] []
[2023-11-17T10:58:27.380266+01:00] LogDB.INFO: Record inserted successfully [] []
[2023-11-17T10:59:03.320857+01:00] LogDB.INFO: Connection successfully [] []
[2023-11-17T10:59:03.324845+01:00] LogDB.INFO: Reparation doesn't exist: 7e9fc754-809e-41fb-b04f-22cfee3ea2da [] []
[2023-11-17T11:00:06.639677+01:00] LogDB.INFO: Connection successfully [] []
[2023-11-17T11:00:06.642221+01:00] LogDB.INFO: Reparation doesn't exist: 7e9fc754-809e-41fb-b04f-22cfee3ea2da [] []
[2023-11-17T11:00:15.838126+01:00] LogDB.INFO: Connection successfully [] []
[2023-11-17T11:00:15.840743+01:00] LogDB.INFO: Reparation doesn't exist: 7e9fc754-809e-41fb-b04f-22cfee3ea2da [] []
[2023-11-17T11:00:17.116264+01:00] LogDB.INFO: Connection successfully [] []
[2023-11-17T11:00:17.118570+01:00] LogDB.INFO: Reparation doesn't exist: 7e9fc754-809e-41fb-b04f-22cfee3ea2da [] []
[2023-11-17T11:00:19.149205+01:00] LogDB.INFO: Connection successfully [] []
[2023-11-17T11:00:22.073599+01:00] LogDB.INFO: Connection successfully [] []
[2023-11-17T11:00:27.588845+01:00] LogDB.INFO: Connection successfully [] []
[2023-11-17T11:01:04.541126+01:00] LogDB.INFO: Connection successfully [] []
[2023-11-17T11:01:05.818170+01:00] LogDB.INFO: Connection successfully [] []
[2023-11-17T11:01:06.062416+01:00] LogDB.INFO: Connection successfully [] []
[2023-11-17T11:01:14.825452+01:00] LogDB.INFO: Connection successfully [] []
[2023-11-17T11:01:21.285022+01:00] LogDB.INFO: Connection successfully [] []
[2023-11-17T11:01:25.113022+01:00] LogDB.ERROR: Error inserting a record: SQLSTATE[23000]: Integrity constraint violation: 1062 Duplicate entry '89517fe7-aca8-4af1-9212-1b1d15d4d50f' for key 'PRIMARY' [] []
[2023-11-17T11:09:05.135775+01:00] LogDB.INFO: Connection successfully [] []
[2023-11-17T11:09:08.747238+01:00] LogDB.ERROR: Error inserting a record: SQLSTATE[23000]: Integrity constraint violation: 1062 Duplicate entry 'ba0674cf-5e67-4e86-84d3-c5adaef4afe7' for key 'PRIMARY' [] []
[2023-11-17T11:09:08.747238+01:00] LogDB.ERROR: Error inserting a record: SQLSTATE[23000]: Integrity constraint violation: 1062 Duplicate entry 'ba0674cf-5e67-4e86-84d3-c5adaef4afe7' for key 'PRIMARY' [] []
[2023-11-17T11:09:13.717231+01:00] LogDB.INFO: Connection successfully [] []
[2023-11-17T11:09:17.390763+01:00] LogDB.ERROR: Error inserting a record: SQLSTATE[23000]: Integrity constraint violation: 1062 Duplicate entry 'be7863c8-ff66-4d69-949a-b8c95484d93c' for key 'PRIMARY' [] []
[2023-11-17T11:09:17.390763+01:00] LogDB.ERROR: Error inserting a record: SQLSTATE[23000]: Integrity constraint violation: 1062 Duplicate entry 'be7863c8-ff66-4d69-949a-b8c95484d93c' for key 'PRIMARY' [] []
[2023-11-17T11:09:42.228311+01:00] LogDB.INFO: Connection successfully [] []
[2023-11-17T11:09:47.013895+01:00] LogDB.ERROR: Error inserting a record: SQLSTATE[23000]: Integrity constraint violation: 1062 Duplicate entry '100f9063-82d3-45e3-abf6-03ba0397bde6' for key 'PRIMARY' [] []
[2023-11-17T11:09:47.013895+01:00] LogDB.ERROR: Error inserting a record: SQLSTATE[23000]: Integrity constraint violation: 1062 Duplicate entry '100f9063-82d3-45e3-abf6-03ba0397bde6' for key 'PRIMARY' [] []
[2023-11-17T11:10:03.749159+01:00] LogDB.INFO: Connection successfully [] []
[2023-11-17T11:10:12.938361+01:00] LogDB.INFO: Connection successfully [] []
[2023-11-17T11:10:18.285595+01:00] LogDB.INFO: Connection successfully [] []
[2023-11-17T11:10:22.086771+01:00] LogDB.ERROR: Error inserting a record: SQLSTATE[23000]: Integrity constraint violation: 1062 Duplicate entry '1bd19bc3-b029-4ba5-93a8-cea3ab019e74' for key 'PRIMARY' [] []
[2023-11-17T11:10:22.086771+01:00] LogDB.ERROR: Error inserting a record: SQLSTATE[23000]: Integrity constraint violation: 1062 Duplicate entry '1bd19bc3-b029-4ba5-93a8-cea3ab019e74' for key 'PRIMARY' [] []
[2023-11-17T11:10:57.919468+01:00] LogDB.INFO: Connection successfully [] []
[2023-11-17T11:11:02.087866+01:00] LogDB.INFO: Record inserted successfully [] []
[2023-11-17T11:11:02.087866+01:00] LogDB.INFO: Record inserted successfully [] []
